[Licensing::Module] Trying to connect to existing licensing client channel...
[Licensing::IpcConnector] Channel LicenseClient-wcnnn doesn't exist
[Licensing::Module] Successfully launched the LicensingClient (PId: 55768)
[Licensing::IpcConnector] Successfully connected to: "LicenseClient-wcnnn" at "2026-01-31T05:05:37.7144238Z"
[Licensing::Client] Code 10 while verifying Licensing Client signature (process Id: 55768, path: "C:/Program Files/Unity/Hub/Editor/2022.3.62f3/Editor/Data/Resources/Licensing/Client/Unity.Licensing.Client.exe")
[Licensing::Module] LicensingClient has failed validation; ignoring
[Licensing::Client] Handshaking with LicensingClient:
  Version:                 1.16.2+bdef8f5
  Session Id:              d520611082be41168fee2932f8819b5c
  Correlation Id:          17d0386203d5ef2b255d46e3394d4c08
  External correlation Id: 202893890601879773
  Machine Id:              pmPUZfuOp1P4kh7eX/iSppUa0Cw=
[Licensing::Module] Successfully connected to LicensingClient on channel: "LicenseClient-wcnnn" (connect: 2.91s, validation: 0.16s, handshake: 0.08s)
[Licensing::IpcConnector] Successfully connected to: "LicenseClient-wcnnn-notifications" at "2026-01-31T05:05:37.9512Z"
[Licensing::Module] Connected to LicensingClient (PId: 55768, launch time: 0.01, total connection time: 3.15s)
[Licensing::Module] Error: Access token is unavailable; failed to update
[Licensing::Client] Error: Code 500 while processing request (status: Unable to update licenses. Errors: No ULF license found.,Token not found in cache)
[Licensing::Client] Error: Code 500 while updating license in client (status: Unable to update licenses. Errors: No ULF license found.,Token not found in cache)
Built from '2022.3/respin/2022.3.62f2-4af31df585-v2' branch; Version is '2022.3.62f3 (96770f904ca7) revision 9860879'; Using compiler version '192829333'; Build Type 'Release'
OS: 'Windows 11  (10.0.22631) 64bit CoreCountrySpecific' Language: 'zh' Physical Memory: 32405 MB
[Licensing::Client] Successfully resolved entitlement details
[Licensing::Module] Serial number assigned to: "18968362114580-UnityPersXXXX"
BatchMode: 1, IsHumanControllingUs: 0, StartBugReporterOnCrash: 0, Is64bit: 1, IsPro: 0
[Licensing::Client] Successfully resolved entitlement details

COMMAND LINE ARGUMENTS:
C:\Program Files\Unity\Hub\Editor\2022.3.62f3\Editor\Unity.exe
-batchmode
-projectPath
D:\SteamLibrary\steamapps\common\RimWorld\Mods\Dead-Man-Switch-USAC\UnityProject
-executeMethod
BuildBundle.BuildFromCommandLine
-logFile
D:\SteamLibrary\steamapps\common\RimWorld\Mods\Dead-Man-Switch-USAC\UnityProject\build.log
-quit
Successfully changed project path to: D:\SteamLibrary\steamapps\common\RimWorld\Mods\Dead-Man-Switch-USAC\UnityProject
D:/SteamLibrary/steamapps/common/RimWorld/Mods/Dead-Man-Switch-USAC/UnityProject
[UnityMemory] Configuration Parameters - Can be set up in boot.config
    "memorysetup-bucket-allocator-granularity=16"
    "memorysetup-bucket-allocator-bucket-count=8"
    "memorysetup-bucket-allocator-block-size=33554432"
    "memorysetup-bucket-allocator-block-count=8"
    "memorysetup-main-allocator-block-size=16777216"
    "memorysetup-thread-allocator-block-size=16777216"
    "memorysetup-gfx-main-allocator-block-size=16777216"
    "memorysetup-gfx-thread-allocator-block-size=16777216"
    "memorysetup-cache-allocator-block-size=4194304"
    "memorysetup-typetree-allocator-block-size=2097152"
    "memorysetup-profiler-bucket-allocator-granularity=16"
    "memorysetup-profiler-bucket-allocator-bucket-count=8"
    "memorysetup-profiler-bucket-allocator-block-size=33554432"
    "memorysetup-profiler-bucket-allocator-block-count=8"
    "memorysetup-profiler-allocator-block-size=16777216"
    "memorysetup-profiler-editor-allocator-block-size=1048576"
    "memorysetup-temp-allocator-size-main=16777216"
    "memorysetup-job-temp-allocator-block-size=2097152"
    "memorysetup-job-temp-allocator-block-size-background=1048576"
    "memorysetup-job-temp-allocator-reduction-small-platforms=262144"
    "memorysetup-allocator-temp-initial-block-size-main=262144"
    "memorysetup-allocator-temp-initial-block-size-worker=262144"
    "memorysetup-temp-allocator-size-background-worker=32768"
    "memorysetup-temp-allocator-size-job-worker=262144"
    "memorysetup-temp-allocator-size-preload-manager=33554432"
    "memorysetup-temp-allocator-size-nav-mesh-worker=65536"
    "memorysetup-temp-allocator-size-audio-worker=65536"
    "memorysetup-temp-allocator-size-cloud-worker=32768"
    "memorysetup-temp-allocator-size-gi-baking-worker=262144"
    "memorysetup-temp-allocator-size-gfx=262144"
Player connection [54960]  Target information:

Player connection [54960]  * "[IP] 192.168.1.173 [Port] 55504 [Flags] 2 [Guid] 2376460799 [EditorId] 2376460799 [Version] 1048832 [Id] WindowsEditor(7,center) [Debug] 1 [PackageName] WindowsEditor [ProjectName] Editor" 

Player connection [54960]  * "[IP] 172.16.2.70 [Port] 55504 [Flags] 2 [Guid] 2376460799 [EditorId] 2376460799 [Version] 1048832 [Id] WindowsEditor(7,center) [Debug] 1 [PackageName] WindowsEditor [ProjectName] Editor" 

Player connection [54960]  * "[IP] 172.22.112.1 [Port] 55504 [Flags] 2 [Guid] 2376460799 [EditorId] 2376460799 [Version] 1048832 [Id] WindowsEditor(7,center) [Debug] 1 [PackageName] WindowsEditor [ProjectName] Editor" 

Player connection [54960]  * "[IP] 198.18.0.1 [Port] 55504 [Flags] 2 [Guid] 2376460799 [EditorId] 2376460799 [Version] 1048832 [Id] WindowsEditor(7,center) [Debug] 1 [PackageName] WindowsEditor [ProjectName] Editor" 

Player connection [54960] Host joined multi-casting on [225.0.0.222:54997]...
Player connection [54960] Host joined alternative multi-casting on [225.0.0.222:34997]...
Input System module state changed to: Initialized.
[PhysX] Initialized MultithreadedTaskDispatcher with 16 workers.
[Package Manager] UpmClient::Connect -- Connected to IPC stream "Upm-42548" after 1.0 seconds.
[Package Manager] Restoring resolved packages state from cache
[Licensing::Client] Successfully resolved entitlement details
[Package Manager] Registered 32 packages:
  Built-in packages:
    com.unity.modules.ai@1.0.0 (location: D:\SteamLibrary\steamapps\common\RimWorld\Mods\Dead-Man-Switch-USAC\UnityProject\Library\PackageCache\com.unity.modules.ai@1.0.0)
    com.unity.modules.androidjni@1.0.0 (location: D:\SteamLibrary\steamapps\common\RimWorld\Mods\Dead-Man-Switch-USAC\UnityProject\Library\PackageCache\com.unity.modules.androidjni@1.0.0)
    com.unity.modules.animation@1.0.0 (location: D:\SteamLibrary\steamapps\common\RimWorld\Mods\Dead-Man-Switch-USAC\UnityProject\Library\PackageCache\com.unity.modules.animation@1.0.0)
    com.unity.modules.assetbundle@1.0.0 (location: D:\SteamLibrary\steamapps\common\RimWorld\Mods\Dead-Man-Switch-USAC\UnityProject\Library\PackageCache\com.unity.modules.assetbundle@1.0.0)
    com.unity.modules.audio@1.0.0 (location: D:\SteamLibrary\steamapps\common\RimWorld\Mods\Dead-Man-Switch-USAC\UnityProject\Library\PackageCache\com.unity.modules.audio@1.0.0)
    com.unity.modules.cloth@1.0.0 (location: D:\SteamLibrary\steamapps\common\RimWorld\Mods\Dead-Man-Switch-USAC\UnityProject\Library\PackageCache\com.unity.modules.cloth@1.0.0)
    com.unity.modules.director@1.0.0 (location: D:\SteamLibrary\steamapps\common\RimWorld\Mods\Dead-Man-Switch-USAC\UnityProject\Library\PackageCache\com.unity.modules.director@1.0.0)
    com.unity.modules.imageconversion@1.0.0 (location: D:\SteamLibrary\steamapps\common\RimWorld\Mods\Dead-Man-Switch-USAC\UnityProject\Library\PackageCache\com.unity.modules.imageconversion@1.0.0)
    com.unity.modules.imgui@1.0.0 (location: D:\SteamLibrary\steamapps\common\RimWorld\Mods\Dead-Man-Switch-USAC\UnityProject\Library\PackageCache\com.unity.modules.imgui@1.0.0)
    com.unity.modules.jsonserialize@1.0.0 (location: D:\SteamLibrary\steamapps\common\RimWorld\Mods\Dead-Man-Switch-USAC\UnityProject\Library\PackageCache\com.unity.modules.jsonserialize@1.0.0)
    com.unity.modules.particlesystem@1.0.0 (location: D:\SteamLibrary\steamapps\common\RimWorld\Mods\Dead-Man-Switch-USAC\UnityProject\Library\PackageCache\com.unity.modules.particlesystem@1.0.0)
    com.unity.modules.physics@1.0.0 (location: D:\SteamLibrary\steamapps\common\RimWorld\Mods\Dead-Man-Switch-USAC\UnityProject\Library\PackageCache\com.unity.modules.physics@1.0.0)
    com.unity.modules.physics2d@1.0.0 (location: D:\SteamLibrary\steamapps\common\RimWorld\Mods\Dead-Man-Switch-USAC\UnityProject\Library\PackageCache\com.unity.modules.physics2d@1.0.0)
    com.unity.modules.screencapture@1.0.0 (location: D:\SteamLibrary\steamapps\common\RimWorld\Mods\Dead-Man-Switch-USAC\UnityProject\Library\PackageCache\com.unity.modules.screencapture@1.0.0)
    com.unity.modules.terrain@1.0.0 (location: D:\SteamLibrary\steamapps\common\RimWorld\Mods\Dead-Man-Switch-USAC\UnityProject\Library\PackageCache\com.unity.modules.terrain@1.0.0)
    com.unity.modules.terrainphysics@1.0.0 (location: D:\SteamLibrary\steamapps\common\RimWorld\Mods\Dead-Man-Switch-USAC\UnityProject\Library\PackageCache\com.unity.modules.terrainphysics@1.0.0)
    com.unity.modules.tilemap@1.0.0 (location: D:\SteamLibrary\steamapps\common\RimWorld\Mods\Dead-Man-Switch-USAC\UnityProject\Library\PackageCache\com.unity.modules.tilemap@1.0.0)
    com.unity.modules.ui@1.0.0 (location: D:\SteamLibrary\steamapps\common\RimWorld\Mods\Dead-Man-Switch-USAC\UnityProject\Library\PackageCache\com.unity.modules.ui@1.0.0)
    com.unity.modules.uielements@1.0.0 (location: D:\SteamLibrary\steamapps\common\RimWorld\Mods\Dead-Man-Switch-USAC\UnityProject\Library\PackageCache\com.unity.modules.uielements@1.0.0)
    com.unity.modules.umbra@1.0.0 (location: D:\SteamLibrary\steamapps\common\RimWorld\Mods\Dead-Man-Switch-USAC\UnityProject\Library\PackageCache\com.unity.modules.umbra@1.0.0)
    com.unity.modules.unityanalytics@1.0.0 (location: D:\SteamLibrary\steamapps\common\RimWorld\Mods\Dead-Man-Switch-USAC\UnityProject\Library\PackageCache\com.unity.modules.unityanalytics@1.0.0)
    com.unity.modules.unitywebrequest@1.0.0 (location: D:\SteamLibrary\steamapps\common\RimWorld\Mods\Dead-Man-Switch-USAC\UnityProject\Library\PackageCache\com.unity.modules.unitywebrequest@1.0.0)
    com.unity.modules.unitywebrequestassetbundle@1.0.0 (location: D:\SteamLibrary\steamapps\common\RimWorld\Mods\Dead-Man-Switch-USAC\UnityProject\Library\PackageCache\com.unity.modules.unitywebrequestassetbundle@1.0.0)
    com.unity.modules.unitywebrequestaudio@1.0.0 (location: D:\SteamLibrary\steamapps\common\RimWorld\Mods\Dead-Man-Switch-USAC\UnityProject\Library\PackageCache\com.unity.modules.unitywebrequestaudio@1.0.0)
    com.unity.modules.unitywebrequesttexture@1.0.0 (location: D:\SteamLibrary\steamapps\common\RimWorld\Mods\Dead-Man-Switch-USAC\UnityProject\Library\PackageCache\com.unity.modules.unitywebrequesttexture@1.0.0)
    com.unity.modules.unitywebrequestwww@1.0.0 (location: D:\SteamLibrary\steamapps\common\RimWorld\Mods\Dead-Man-Switch-USAC\UnityProject\Library\PackageCache\com.unity.modules.unitywebrequestwww@1.0.0)
    com.unity.modules.vehicles@1.0.0 (location: D:\SteamLibrary\steamapps\common\RimWorld\Mods\Dead-Man-Switch-USAC\UnityProject\Library\PackageCache\com.unity.modules.vehicles@1.0.0)
    com.unity.modules.video@1.0.0 (location: D:\SteamLibrary\steamapps\common\RimWorld\Mods\Dead-Man-Switch-USAC\UnityProject\Library\PackageCache\com.unity.modules.video@1.0.0)
    com.unity.modules.vr@1.0.0 (location: D:\SteamLibrary\steamapps\common\RimWorld\Mods\Dead-Man-Switch-USAC\UnityProject\Library\PackageCache\com.unity.modules.vr@1.0.0)
    com.unity.modules.wind@1.0.0 (location: D:\SteamLibrary\steamapps\common\RimWorld\Mods\Dead-Man-Switch-USAC\UnityProject\Library\PackageCache\com.unity.modules.wind@1.0.0)
    com.unity.modules.xr@1.0.0 (location: D:\SteamLibrary\steamapps\common\RimWorld\Mods\Dead-Man-Switch-USAC\UnityProject\Library\PackageCache\com.unity.modules.xr@1.0.0)
    com.unity.modules.subsystems@1.0.0 (location: D:\SteamLibrary\steamapps\common\RimWorld\Mods\Dead-Man-Switch-USAC\UnityProject\Library\PackageCache\com.unity.modules.subsystems@1.0.0)
[Subsystems] No new subsystems found in resolved package list.
Package Manager log level set to [2]
[Package Manager] Done registering packages in 0.12 seconds
Artifact Garbage Collection - Removed 1 unused hashed content files
Refreshing native plugins compatible for Editor in 0.00 ms, found 0 plugins.
Preloading 0 native plugins for Editor in 0.00 ms.
Initialize engine version: 2022.3.62f3 (96770f904ca7)
[Subsystems] Discovering subsystems at path C:/Program Files/Unity/Hub/Editor/2022.3.62f3/Editor/Data/Resources/UnitySubsystems
[Subsystems] Discovering subsystems at path D:/SteamLibrary/steamapps/common/RimWorld/Mods/Dead-Man-Switch-USAC/UnityProject/Assets
GfxDevice: creating device client; threaded=0; jobified=0
Direct3D:
    Version:  Direct3D 11.0 [level 11.1]
    Renderer: NVIDIA GeForce RTX 3080 Laptop GPU (ID=0x24dc)
    Vendor:   NVIDIA
    VRAM:     16177 MB
    Driver:   32.0.15.8183
[Licensing::Client] Successfully resolved entitlement details
Initialize mono
Mono path[0] = 'C:/Program Files/Unity/Hub/Editor/2022.3.62f3/Editor/Data/Managed'
Mono path[1] = 'C:/Program Files/Unity/Hub/Editor/2022.3.62f3/Editor/Data/MonoBleedingEdge/lib/mono/unityjit-win32'
Mono config path = 'C:/Program Files/Unity/Hub/Editor/2022.3.62f3/Editor/Data/MonoBleedingEdge/etc'
Using monoOptions --debugger-agent=transport=dt_socket,embedding=1,server=y,suspend=n,address=127.0.0.1:56548
Using cacheserver namespaces - metadata:defaultmetadata, artifacts:defaultartifacts
Using cacheserver namespaces - metadata:defaultmetadata, artifacts:defaultartifacts
ImportWorker Server TCP listen port: 0
Begin MonoManager ReloadAssembly
Registering precompiled unity dll's ...
Register platform support module: C:/Program Files/Unity/Hub/Editor/2022.3.62f3/Editor/Data/PlaybackEngines/WindowsStandaloneSupport/UnityEditor.WindowsStandalone.Extensions.dll
Registered in 0.007512 seconds.
- Loaded All Assemblies, in  0.658 seconds
Native extension for WindowsStandalone target not found
Mono: successfully reloaded assembly
- Finished resetting the current domain, in  0.518 seconds
Domain Reload Profiling: 1174ms
	BeginReloadAssembly (191ms)
		ExecutionOrderSort (0ms)
		DisableScriptedObjects (0ms)
		BackupInstance (0ms)
		ReleaseScriptingObjects (0ms)
		CreateAndSetChildDomain (1ms)
	RebuildCommonClasses (62ms)
	RebuildNativeTypeToScriptingClass (14ms)
	initialDomainReloadingComplete (105ms)
	LoadAllAssembliesAndSetupDomain (283ms)
		LoadAssemblies (188ms)
		RebuildTransferFunctionScriptingTraits (0ms)
		AnalyzeDomain (281ms)
			TypeCache.Refresh (276ms)
				TypeCache.ScanAssembly (251ms)
			ScanForSourceGeneratedMonoScriptInfo (1ms)
			ResolveRequiredComponents (1ms)
	FinalizeReload (519ms)
		ReleaseScriptCaches (0ms)
		RebuildScriptCaches (0ms)
		SetupLoadedEditorAssemblies (437ms)
			LogAssemblyErrors (0ms)
			InitializePlatformSupportModulesInManaged (17ms)
			SetLoadedEditorAssemblies (14ms)
			RefreshPlugins (0ms)
			BeforeProcessingInitializeOnLoad (6ms)
			ProcessInitializeOnLoadAttributes (300ms)
			ProcessInitializeOnLoadMethodAttributes (100ms)
			AfterProcessingInitializeOnLoad (0ms)
			EditorAssembliesLoaded (0ms)
		ExecutionOrderSort2 (0ms)
		AwakeInstancesAfterBackupRestoration (0ms)
[Licensing::Client] Successfully resolved entitlement details
Application.AssetDatabase Initial Refresh Start
info: Microsoft.Hosting.Lifetime[14]
      Now listening on: http://localhost:80
info: Microsoft.Hosting.Lifetime[0]
      Application started. Press Ctrl+C to shut down.
info: Microsoft.Hosting.Lifetime[0]
      Hosting environment: Production
info: Microsoft.Hosting.Lifetime[0]
      Content root path: D:\SteamLibrary\steamapps\common\RimWorld\Mods\Dead-Man-Switch-USAC\UnityProject\
info: Microsoft.AspNetCore.Hosting.Diagnostics[1]
      Request starting HTTP/2 POST http://ilpp/UnityILPP.PostProcessing/Ping application/grpc -
info: Microsoft.AspNetCore.Routing.EndpointMiddleware[0]
      Executing endpoint 'gRPC - /UnityILPP.PostProcessing/Ping'
info: Microsoft.AspNetCore.Routing.EndpointMiddleware[1]
      Executed endpoint 'gRPC - /UnityILPP.PostProcessing/Ping'
info: Microsoft.AspNetCore.Hosting.Diagnostics[2]
      Request finished HTTP/2 POST http://ilpp/UnityILPP.PostProcessing/Ping application/grpc - - 200 - application/grpc 118.1400ms
Starting: C:\Program Files\Unity\Hub\Editor\2022.3.62f3\Editor\Data\bee_backend.exe --ipc --defer-dag-verification --dagfile="Library/Bee/1900b0aE.dag" --continue-on-failure --profile="Library/Bee/backend1.traceevents" ScriptAssemblies
WorkingDir: D:/SteamLibrary/steamapps/common/RimWorld/Mods/Dead-Man-Switch-USAC/UnityProject
DisplayProgressbar: Compiling Scripts
ExitCode: 0 Duration: 2s890ms
[92/95      2s] Csc Library/Bee/artifacts/1900b0aE.dag/Assembly-CSharp-Editor.dll (+2 others)
*** Tundra build success (2.79 seconds), 1 items updated, 95 evaluated
AssetDatabase: script compilation time: 4.196734s
Begin MonoManager ReloadAssembly
Total cache size 26143472
Total cache size after purge 26143472
- Loaded All Assemblies, in  0.472 seconds
Refreshing native plugins compatible for Editor in 0.00 ms, found 0 plugins.
Preloading 0 native plugins for Editor in 0.00 ms.
Refreshing native plugins compatible for Editor in 0.00 ms, found 0 plugins.
Native extension for WindowsStandalone target not found
Mono: successfully reloaded assembly
- Finished resetting the current domain, in  0.632 seconds
Domain Reload Profiling: 1103ms
	BeginReloadAssembly (329ms)
		ExecutionOrderSort (0ms)
		DisableScriptedObjects (20ms)
		BackupInstance (0ms)
		ReleaseScriptingObjects (0ms)
		CreateAndSetChildDomain (63ms)
	RebuildCommonClasses (62ms)
	RebuildNativeTypeToScriptingClass (18ms)
	initialDomainReloadingComplete (39ms)
	LoadAllAssembliesAndSetupDomain (23ms)
		LoadAssemblies (153ms)
		RebuildTransferFunctionScriptingTraits (0ms)
		AnalyzeDomain (19ms)
			TypeCache.Refresh (14ms)
				TypeCache.ScanAssembly (0ms)
			ScanForSourceGeneratedMonoScriptInfo (3ms)
			ResolveRequiredComponents (1ms)
	FinalizeReload (633ms)
		ReleaseScriptCaches (0ms)
		RebuildScriptCaches (0ms)
		SetupLoadedEditorAssemblies (434ms)
			LogAssemblyErrors (0ms)
			InitializePlatformSupportModulesInManaged (9ms)
			SetLoadedEditorAssemblies (10ms)
			RefreshPlugins (0ms)
			BeforeProcessingInitializeOnLoad (49ms)
			ProcessInitializeOnLoadAttributes (300ms)
			ProcessInitializeOnLoadMethodAttributes (51ms)
			AfterProcessingInitializeOnLoad (14ms)
			EditorAssembliesLoaded (1ms)
		ExecutionOrderSort2 (0ms)
		AwakeInstancesAfterBackupRestoration (13ms)
Start importing Assets/Shaders/USAC_SewageSpray_Compute.compute using Guid(50394bccc2a7b0849ab796c6c1d1f4ca) Importer(-1,00000000000000000000000000000000) [PhysX] Initialized MultithreadedTaskDispatcher with 16 workers.
Launched and connected shader compiler UnityShaderCompiler.exe after 0.14 seconds
 -> (artifact id: '8ad0fea56c429be21021f6c4472dd020') in 0.174050 seconds
Refreshing native plugins compatible for Editor in 0.00 ms, found 0 plugins.
Preloading 0 native plugins for Editor in 0.00 ms.
Asset Pipeline Refresh (id=57c131d289bcaee4ebeeb4aaafe3d349): Total: 5.772 seconds - Initiated by InitialRefreshV2(ForceSynchronousImport)
	Summary:
		Imports: total=1 (actual=1, local cache=0, cache server=0)
		Asset DB Process Time: managed=4 ms, native=308 ms
		Asset DB Callback time: managed=80 ms, native=21 ms
		Scripting: domain reloads=1, domain reload time=1140 ms, compile time=4199 ms, other=17 ms
		Project Asset Count: scripts=87, non-scripts=37
		Asset File Changes: new=0, changed=1, moved=0, deleted=0
		Scan Filter Count: 0
	InvokeBeforeRefreshCallbacks: 0.670ms
	ApplyChangesToAssetFolders: 0.061ms
	Scan: 45.208ms
	OnSourceAssetsModified: 7.014ms
	GetAllGuidsForCategorization: 0.046ms
	CategorizeAssets: 1.970ms
	ImportOutOfDateAssets: 811.699ms (-3565.400ms without children)
		ImportManagerImport: 177.366ms (2.820ms without children)
			ImportInProcess: 174.511ms
			UpdateCategorizedAssets: 0.035ms
		CompileScripts: 4199.392ms
		ReloadNativeAssets: 0.002ms
		UnloadImportedAssets: 0.089ms
		ReloadImportedAssets: 0.000ms
		EnsureUptoDateAssetsAreRegisteredWithGuidPM: 0.033ms
		InitializingProgressBar: 0.106ms
		PostProcessAllAssetNotificationsAddChangedAssets: 0.000ms
		OnDemandSchedulerStart: 0.110ms
	PostProcessAllAssets: 93.585ms
	Hotreload: 0.885ms
	GatherAllCurrentPrimaryArtifactRevisions: 0.001ms
	UnloadStreamsBegin: 0.398ms
	PersistCurrentRevisions: 0.048ms
	UnloadStreamsEnd: 0.004ms
	GenerateScriptTypeHashes: 0.002ms
	Untracked: 4810.841ms
Application.AssetDatabase Initial Refresh End
Scanning for USB devices : 3.995ms
Initializing Unity extensions:
Launched and connected shader compiler UnityShaderCompiler.exe after 0.12 seconds
[Licensing::Client] Successfully resolved entitlement details
[MODES] ModeService[none].Initialize
[MODES] ModeService[none].LoadModes
[MODES] Loading mode Default (0) for mode-current-id-USAC_Shaders
[PhysX] Initialized MultithreadedTaskDispatcher with 16 workers.
ProgressiveSceneManager::Cancel()
Unloading 4 Unused Serialized files (Serialized files now loaded: 0)
Unloading 15 unused Assets / (0.5 MB). Loaded Objects now: 524.
Memory consumption went from 78.0 MB to 77.5 MB.
Total: 4.121100 ms (FindLiveObjects: 0.116400 ms CreateObjectMapping: 0.008200 ms MarkObjects: 3.651400 ms  DeleteObjects: 0.341900 ms)

Adding shader: Assets/Shaders\USAC_Overlay.shader
UnityEngine.StackTraceUtility:ExtractStackTrace ()
UnityEngine.DebugLogHandler:LogFormat (UnityEngine.LogType,UnityEngine.Object,string,object[])
UnityEngine.Logger:Log (UnityEngine.LogType,object)
UnityEngine.Debug:Log (object)
BuildBundle:Build (string,UnityEditor.BuildTarget) (at Assets/Editor/BuildBundle.cs:28)
BuildBundle:BuildWindows () (at Assets/Editor/BuildBundle.cs:13)
BuildBundle:BuildFromCommandLine () (at Assets/Editor/BuildBundle.cs:59)

(Filename: Assets/Editor/BuildBundle.cs Line: 28)

Adding shader: Assets/Shaders\USAC_SewageSpray.shader
UnityEngine.StackTraceUtility:ExtractStackTrace ()
UnityEngine.DebugLogHandler:LogFormat (UnityEngine.LogType,UnityEngine.Object,string,object[])
UnityEngine.Logger:Log (UnityEngine.LogType,object)
UnityEngine.Debug:Log (object)
BuildBundle:Build (string,UnityEditor.BuildTarget) (at Assets/Editor/BuildBundle.cs:28)
BuildBundle:BuildWindows () (at Assets/Editor/BuildBundle.cs:13)
BuildBundle:BuildFromCommandLine () (at Assets/Editor/BuildBundle.cs:59)

(Filename: Assets/Editor/BuildBundle.cs Line: 28)

Adding shader: Assets/Shaders\USAC_SewageSpray_Instanced.shader
UnityEngine.StackTraceUtility:ExtractStackTrace ()
UnityEngine.DebugLogHandler:LogFormat (UnityEngine.LogType,UnityEngine.Object,string,object[])
UnityEngine.Logger:Log (UnityEngine.LogType,object)
UnityEngine.Debug:Log (object)
BuildBundle:Build (string,UnityEditor.BuildTarget) (at Assets/Editor/BuildBundle.cs:28)
BuildBundle:BuildWindows () (at Assets/Editor/BuildBundle.cs:13)
BuildBundle:BuildFromCommandLine () (at Assets/Editor/BuildBundle.cs:59)

(Filename: Assets/Editor/BuildBundle.cs Line: 28)

Adding compute shader: Assets/Shaders\USAC_SewageSpray_Compute.compute
UnityEngine.StackTraceUtility:ExtractStackTrace ()
UnityEngine.DebugLogHandler:LogFormat (UnityEngine.LogType,UnityEngine.Object,string,object[])
UnityEngine.Logger:Log (UnityEngine.LogType,object)
UnityEngine.Debug:Log (object)
BuildBundle:Build (string,UnityEditor.BuildTarget) (at Assets/Editor/BuildBundle.cs:33)
BuildBundle:BuildWindows () (at Assets/Editor/BuildBundle.cs:13)
BuildBundle:BuildFromCommandLine () (at Assets/Editor/BuildBundle.cs:59)

(Filename: Assets/Editor/BuildBundle.cs Line: 33)

Building usac_visuals...
UnityEngine.StackTraceUtility:ExtractStackTrace ()
UnityEngine.DebugLogHandler:LogFormat (UnityEngine.LogType,UnityEngine.Object,string,object[])
UnityEngine.Logger:Log (UnityEngine.LogType,object)
UnityEngine.Debug:Log (object)
BuildBundle:Build (string,UnityEditor.BuildTarget) (at Assets/Editor/BuildBundle.cs:47)
BuildBundle:BuildWindows () (at Assets/Editor/BuildBundle.cs:13)
BuildBundle:BuildFromCommandLine () (at Assets/Editor/BuildBundle.cs:59)

(Filename: Assets/Editor/BuildBundle.cs Line: 47)

Asset Pipeline Refresh (id=f126ba62984093047b0a28f7b66abfaa): Total: 0.006 seconds - Initiated by RefreshV2(NoUpdateAssetOptions)
info: Microsoft.AspNetCore.Hosting.Diagnostics[1]
      Request starting HTTP/2 POST http://ilpp/UnityILPP.PostProcessing/Ping application/grpc -
info: Microsoft.AspNetCore.Routing.EndpointMiddleware[0]
      Executing endpoint 'gRPC - /UnityILPP.PostProcessing/Ping'
info: Microsoft.AspNetCore.Routing.EndpointMiddleware[1]
      Executed endpoint 'gRPC - /UnityILPP.PostProcessing/Ping'
info: Microsoft.AspNetCore.Hosting.Diagnostics[2]
      Request finished HTTP/2 POST http://ilpp/UnityILPP.PostProcessing/Ping application/grpc - - 200 - application/grpc 4.3623ms
Starting: C:\Program Files\Unity\Hub\Editor\2022.3.62f3\Editor\Data\bee_backend.exe --ipc --defer-dag-verification --dagfile="Library/Bee/1900b0aESkipCompile.dag" --continue-on-failure --profile="Library/Bee/backend1.traceevents" ScriptAssembliesAndTypeDB
WorkingDir: D:/SteamLibrary/steamapps/common/RimWorld/Mods/Dead-Man-Switch-USAC/UnityProject
ExitCode: 0 Duration: 0s200ms
*** Tundra build success (0.11 seconds), 0 items updated, 2 evaluated
Asset Pipeline Refresh (id=48cbdae03aa4a9f4a9d077d057b1705b): Total: 0.003 seconds - Initiated by RefreshV2(NoUpdateAssetOptions)
[ScriptCompilation] Requested script compilation because: Recompiling scripts for player build.
BuildPlayer: start building target 19
Total cache size 26143472
Total cache size after purge 26143472
info: Microsoft.AspNetCore.Hosting.Diagnostics[1]
      Request starting HTTP/2 POST http://ilpp/UnityILPP.PostProcessing/Ping application/grpc -
info: Microsoft.AspNetCore.Routing.EndpointMiddleware[0]
      Executing endpoint 'gRPC - /UnityILPP.PostProcessing/Ping'
info: Microsoft.AspNetCore.Routing.EndpointMiddleware[1]
      Executed endpoint 'gRPC - /UnityILPP.PostProcessing/Ping'
info: Microsoft.AspNetCore.Hosting.Diagnostics[2]
      Request finished HTTP/2 POST http://ilpp/UnityILPP.PostProcessing/Ping application/grpc - - 200 - application/grpc 0.6289ms
Starting: C:\Program Files\Unity\Hub\Editor\2022.3.62f3\Editor\Data\bee_backend.exe --ipc --defer-dag-verification --dagfile="Library/Bee/1900b0aP.dag" --continue-on-failure --profile="Library/Bee/backend1.traceevents" ScriptAssembliesAndTypeDB
WorkingDir: D:/SteamLibrary/steamapps/common/RimWorld/Mods/Dead-Man-Switch-USAC/UnityProject
ExitCode: 0 Duration: 0s64ms
*** Tundra build success (0.01 seconds), 0 items updated, 2 evaluated
Compiling compute shader "USAC_SewageSpray_Compute"
    starting stripping...
    finished in 0.00 seconds. 2 of 2 variants left
    2 variants, starting compilation...
    finished in 0.01 seconds. Local cache hits 1, remote cache hits 0, compiled 1 variants
Compiling shader "USAC/SewageSpray_Instanced" pass "" (vp)
    Full variant space:         1
    After settings filtering:   1
    After built-in stripping:   1
    After scriptable stripping: 1
    Processed in 0.01 seconds
    starting compilation...
    finished in 0.00 seconds. Local cache hits 1 (0.00s CPU time), remote cache hits 0 (0.00s CPU time), compiled 0 variants (0.00s CPU time), skipped 0 variants
    Prepared data for serialisation in 0.00s
Compiling shader "USAC/SewageSpray_Instanced" pass "" (fp)
    Full variant space:         1
    After settings filtering:   1
    After built-in stripping:   1
    After scriptable stripping: 1
    Processed in 0.00 seconds
    starting compilation...
    finished in 0.00 seconds. Local cache hits 1 (0.00s CPU time), remote cache hits 0 (0.00s CPU time), compiled 0 variants (0.00s CPU time), skipped 0 variants
    Prepared data for serialisation in 0.00s
Serialized binary data for shader USAC/SewageSpray_Instanced in 0.00s
    d3d11 (total internal programs: 2, unique: 2)
Compiling shader "USAC/SewageSpray" pass "" (vp)
    Full variant space:         1
    After settings filtering:   1
    After built-in stripping:   1
    After scriptable stripping: 1
    Processed in 0.00 seconds
    starting compilation...
    finished in 0.00 seconds. Local cache hits 1 (0.00s CPU time), remote cache hits 0 (0.00s CPU time), compiled 0 variants (0.00s CPU time), skipped 0 variants
    Prepared data for serialisation in 0.00s
Compiling shader "USAC/SewageSpray" pass "" (fp)
    Full variant space:         1
    After settings filtering:   1
    After built-in stripping:   1
    After scriptable stripping: 1
    Processed in 0.00 seconds
    starting compilation...
    finished in 0.00 seconds. Local cache hits 1 (0.00s CPU time), remote cache hits 0 (0.00s CPU time), compiled 0 variants (0.00s CPU time), skipped 0 variants
    Prepared data for serialisation in 0.00s
Serialized binary data for shader USAC/SewageSpray in 0.00s
    d3d11 (total internal programs: 2, unique: 2)
Compiling shader "Custom/USAC_Overlay" pass "Overlay" (vp)
    Full variant space:         2
    After settings filtering:   2
    After built-in stripping:   1
    After scriptable stripping: 1
    Processed in 0.00 seconds
    starting compilation...
    finished in 0.00 seconds. Local cache hits 1 (0.00s CPU time), remote cache hits 0 (0.00s CPU time), compiled 0 variants (0.00s CPU time), skipped 0 variants
    Prepared data for serialisation in 0.00s
Compiling shader "Custom/USAC_Overlay" pass "Overlay" (fp)
    Full variant space:         2
    After settings filtering:   2
    After built-in stripping:   1
    After scriptable stripping: 1
    Processed in 0.00 seconds
    starting compilation...
    finished in 0.00 seconds. Local cache hits 1 (0.00s CPU time), remote cache hits 0 (0.00s CPU time), compiled 0 variants (0.00s CPU time), skipped 0 variants
    Prepared data for serialisation in 0.00s
Serialized binary data for shader Custom/USAC_Overlay in 0.00s
    d3d11 (total internal programs: 2, unique: 2)
Total cache size 26143472
Total cache size after purge 26143472

***Player size statistics***
Total compressed size 12.5 KB. Total uncompressed size 105.3 KB.
Unloading 5 Unused Serialized files (Serialized files now loaded: 0)
Unloading 19 unused Assets / (0.8 MB). Loaded Objects now: 537.
Memory consumption went from 78.8 MB to 78.0 MB.
Total: 5.939300 ms (FindLiveObjects: 0.125900 ms CreateObjectMapping: 0.010400 ms MarkObjects: 4.682900 ms  DeleteObjects: 1.116300 ms)


***Player size statistics***
Total compressed size 1.0 KB. Total uncompressed size 4.1 KB.
Unloading 0 Unused Serialized files (Serialized files now loaded: 0)
Unloading 0 unused Assets / (0 B). Loaded Objects now: 539.
Memory consumption went from 77.1 MB to 77.1 MB.
Total: 4.475400 ms (FindLiveObjects: 0.159900 ms CreateObjectMapping: 0.020600 ms MarkObjects: 4.279300 ms  DeleteObjects: 0.012500 ms)


-------------------------------------------------------------------------------
Bundle Name: usac_visuals
Compressed Size:12.6 kb
Uncompressed usage by category (Percentages based on user generated assets only):
Textures               0.0 kb	 0.0% 
Meshes                 0.0 kb	 0.0% 
Animations             0.0 kb	 0.0% 
Sounds                 0.0 kb	 0.0% 
Shaders                14.3 kb	 13.5% 
Other Assets           8.2 kb	 7.7% 
Levels                 0.0 kb	 0.0% 
Scripts                0.0 kb	 0.0% 
Included DLLs          0.0 kb	 0.0% 
File headers           82.9 kb	 78.7% 
Total User Assets      105.3 kb	 100.0% 
Complete build size    105.3 kb
Used Assets and files from the Resources folder, sorted by uncompressed size:
 7.8 kb	 7.4% Assets/Shaders/USAC_SewageSpray_Compute.compute
 5.5 kb	 5.3% Assets/Shaders/USAC_SewageSpray.shader
 4.6 kb	 4.4% Assets/Shaders/USAC_SewageSpray_Instanced.shader
 4.1 kb	 3.9% Assets/Shaders/USAC_Overlay.shader
 0.4 kb	 0.4% AssetBundle Object
-------------------------------------------------------------------------------
-------------------------------------------------------------------------------
Bundle Name: StreamingAssets
Compressed Size:1.0 kb
Uncompressed usage by category (Percentages based on user generated assets only):
Textures               0.0 kb	 0.0% 
Meshes                 0.0 kb	 0.0% 
Animations             0.0 kb	 0.0% 
Sounds                 0.0 kb	 0.0% 
Shaders                0.0 kb	 0.0% 
Other Assets           0.2 kb	 4.4% 
Levels                 0.0 kb	 0.0% 
Scripts                0.0 kb	 0.0% 
Included DLLs          0.0 kb	 0.0% 
File headers           3.9 kb	 95.6% 
Total User Assets      4.1 kb	 100.0% 
Complete build size    4.1 kb
Used Assets and files from the Resources folder, sorted by uncompressed size:
 0.1 kb	 2.5% AssetBundle Object
 0.1 kb	 1.9% Built-in AssetBundleManifest: AssetBundleManifest
-------------------------------------------------------------------------------
Batchmode quit successfully invoked - shutting down!
Curl error 42: Callback aborted
[PhysX] Initialized MultithreadedTaskDispatcher with 16 workers.
Input System module state changed to: ShutdownInProgress.
Input System polling thread exited.
Input System module state changed to: Shutdown.
[Licensing::IpcConnector] LicenseClient-wcnnn-notifications channel disconnected successfully.
[Licensing::IpcConnector] LicenseClient-wcnnn channel disconnected successfully.
Cleanup mono
abort_threads: Failed aborting id: 00000000000083F8, mono_thread_manage will ignore it

abort_threads: Failed aborting id: 0000000000005A88, mono_thread_manage will ignore it

abort_threads: Failed aborting id: 00000000000083F8, mono_thread_manage will ignore it

abort_threads: Failed aborting id: 0000000000005A88, mono_thread_manage will ignore it

debugger-agent: Unable to listen on 5264
[Performance] WinEditorMain                                                                                                  :        1 samples, Peak.  3.30 s (1.0x), Avg.  3.30 s, Total. 3.299 s (21.0%)
[Performance] WinEditorMain.ConfigureCrashHandler                                                                            :        1 samples, Peak.  88.0 us (1.0x), Avg.  88.0 us, Total. 88.00 us (0.0%)
[Performance] WinEditorMain.CurlRequestInitialize                                                                            :        1 samples, Peak.   753 us (1.0x), Avg.   753 us, Total. 752.5 us (0.0%)
[Performance] WinEditorMain.SetupLogFile                                                                                     :        1 samples, Peak.   390 us (1.0x), Avg.   390 us, Total. 389.8 us (0.0%)
[Performance] WinEditorMain.RunNativeTestsIfRequiredAndExit                                                                  :        1 samples, Peak.   100 ns (1.0x), Avg.   100 ns, Total. 100.0 ns (0.0%)
[Performance] WinEditorMain.Licensing                                                                                        :        1 samples, Peak.  3.23 s (1.0x), Avg.  3.23 s, Total. 3.229 s (20.6%)
[Performance] WinEditorMain.InitializeCrashHandler                                                                           :        1 samples, Peak.  57.7 ms (1.0x), Avg.  57.7 ms, Total. 57.72 ms (0.4%)
[Performance] WinEditorMain.CreateApplication                                                                                :        1 samples, Peak.   208 us (1.0x), Avg.   208 us, Total. 208.2 us (0.0%)
[Performance] Application.InitializeProject                                                                                  :        1 samples, Peak.  9.84 s (1.0x), Avg.  9.84 s, Total. 9.841 s (62.6%)
[Performance] Application.PackageManager.StartServer                                                                         :        1 samples, Peak.  4.88 ms (1.0x), Avg.  4.88 ms, Total. 4.881 ms (0.0%)
[Performance] Application.AcquireProjectLock                                                                                 :        1 samples, Peak.  6.54 ms (1.0x), Avg.  6.54 ms, Total. 6.535 ms (0.0%)
[Performance] Application.InitializeEngineNoGraphics                                                                         :        1 samples, Peak.  97.0 ms (1.0x), Avg.  97.0 ms, Total. 97.04 ms (0.6%)
[Performance] Application.PackageManager.Initialize                                                                          :        1 samples, Peak.  1.00 s (1.0x), Avg.  1.00 s, Total. 1.004 s (6.4%)
[Performance] Connecting to Package Manager                                                                                  :      101 samples, Peak.   310 us (27.4x), Avg.  11.3 us, Total. 1.141 ms (0.0%)
[Performance] Application.EngineGraphics.Initialize                                                                          :        1 samples, Peak.   312 ms (1.0x), Avg.   312 ms, Total. 312.3 ms (2.0%)
[Performance] Application.GI.Initialize                                                                                      :        1 samples, Peak.  4.25 ms (1.0x), Avg.  4.25 ms, Total. 4.246 ms (0.0%)
[Performance] Application.LoadAllDefaultResourcesFromEditor                                                                  :        1 samples, Peak.  2.19 ms (1.0x), Avg.  2.19 ms, Total. 2.192 ms (0.0%)
[Performance] Application.LoadMonoAssemblies                                                                                 :        1 samples, Peak.  1.21 s (1.0x), Avg.  1.21 s, Total. 1.205 s (7.7%)
[Performance] RestoreManagedReferences                                                                                       :        2 samples, Peak.  87.0 ms (2.0x), Avg.  43.5 ms, Total. 87.05 ms (0.6%)
[Performance] InitializeOnLoad DrivenRectTransformUndo                                                                       :        2 samples, Peak.  1.15 ms (1.0x), Avg.  1.14 ms, Total. 2.282 ms (0.0%)
[Performance] InitializeOnLoad SceneSearch                                                                                   :        2 samples, Peak.   516 us (1.4x), Avg.   363 us, Total. 725.7 us (0.0%)
[Performance] InitializeOnLoad CloudBuild                                                                                    :        2 samples, Peak.  21.7 us (1.4x), Avg.  15.6 us, Total. 31.30 us (0.0%)
[Performance] InitializeOnLoad NativeFormatImporterUtility                                                                   :        2 samples, Peak.  5.09 ms (1.0x), Avg.  4.89 ms, Total. 9.786 ms (0.1%)
[Performance] InitializeOnLoad SearchService                                                                                 :        2 samples, Peak.   166 us (1.0x), Avg.   165 us, Total. 329.6 us (0.0%)
[Performance] InitializeOnLoad SettingsService                                                                               :        2 samples, Peak.  13.9 us (1.3x), Avg.  10.9 us, Total. 21.80 us (0.0%)
[Performance] InitializeOnLoad WindowLayout                                                                                  :        2 samples, Peak.  1.29 ms (1.3x), Avg.  1.02 ms, Total. 2.049 ms (0.0%)
[Performance] InitializeOnLoad AssetStoreContext                                                                             :        2 samples, Peak.  46.0 ms (1.0x), Avg.  45.4 ms, Total. 90.82 ms (0.6%)
[Performance] InitializeOnLoad PoolManager                                                                                   :        2 samples, Peak.  1.87 ms (1.4x), Avg.  1.38 ms, Total. 2.750 ms (0.0%)
[Performance] InitializeOnLoad MixerEffectDefinitionReloader                                                                 :        2 samples, Peak.  4.85 ms (1.3x), Avg.  3.82 ms, Total. 7.636 ms (0.0%)
[Performance] InitializeOnLoad ProjectSearch                                                                                 :        2 samples, Peak.  1.10 ms (1.7x), Avg.   637 us, Total. 1.273 ms (0.0%)
[Performance] InitializeOnLoad UISystemProfilerRenderService                                                                 :        2 samples, Peak.  29.9 us (1.1x), Avg.  27.4 us, Total. 54.90 us (0.0%)
[Performance] InitializeOnLoad EditMode                                                                                      :        2 samples, Peak.  1.05 ms (1.0x), Avg.  1.04 ms, Total. 2.078 ms (0.0%)
[Performance] InitializeOnLoad UnityConnect                                                                                  :        2 samples, Peak.   149 us (1.2x), Avg.   124 us, Total. 247.8 us (0.0%)
[Performance] InitializeOnLoad ManagedDebugger                                                                               :        2 samples, Peak.  1.57 ms (1.1x), Avg.  1.50 ms, Total. 2.991 ms (0.0%)
[Performance] InitializeOnLoad ShortcutIntegration                                                                           :        2 samples, Peak.   136 us (1.1x), Avg.   127 us, Total. 253.9 us (0.0%)
[Performance] InitializeOnLoad AddComponentWindow                                                                            :        2 samples, Peak.   312 us (1.2x), Avg.   251 us, Total. 501.2 us (0.0%)
[Performance] InitializeOnLoad ManagedDebuggerWindow                                                                         :        2 samples, Peak.   243 us (1.1x), Avg.   219 us, Total. 438.3 us (0.0%)
[Performance] InitializeOnLoad CacheServerWindow                                                                             :        2 samples, Peak.  19.5 us (1.3x), Avg.  15.2 us, Total. 30.40 us (0.0%)
[Performance] InitializeOnLoad PlayModeDownload                                                                              :        2 samples, Peak.  10.1 ms (1.9x), Avg.  5.28 ms, Total. 10.57 ms (0.1%)
[Performance] InitializeOnLoad MenuItems                                                                                     :        2 samples, Peak.   159 us (1.1x), Avg.   148 us, Total. 296.8 us (0.0%)
[Performance] InitializeOnLoad PrefabInstanceChangedListener                                                                 :        2 samples, Peak.   284 us (1.3x), Avg.   223 us, Total. 446.3 us (0.0%)
[Performance] InitializeOnLoad ObjectSelectorSearch                                                                          :        2 samples, Peak.  74.1 us (1.3x), Avg.  58.8 us, Total. 117.5 us (0.0%)
[Performance] InitializeOnLoad EditorMonitor                                                                                 :        2 samples, Peak.   973 us (1.3x), Avg.   756 us, Total. 1.512 ms (0.0%)
[Performance] InitializeOnLoad RetainedMode                                                                                  :        2 samples, Peak.  3.02 ms (1.0x), Avg.  2.98 ms, Total. 5.967 ms (0.0%)
[Performance] InitializeOnLoad EditorShaderLoader                                                                            :        2 samples, Peak.   917 us (1.0x), Avg.   874 us, Total. 1.747 ms (0.0%)
[Performance] InitializeOnLoad EditorDelegateRegistration                                                                    :        2 samples, Peak.   823 us (1.2x), Avg.   686 us, Total. 1.371 ms (0.0%)
[Performance] InitializeOnLoad UIDocumentHierarchyWatcher                                                                    :        2 samples, Peak.   125 us (1.1x), Avg.   111 us, Total. 222.5 us (0.0%)
[Performance] InitializeOnLoad LiveReloadTrackerCreator                                                                      :        2 samples, Peak.   359 us (1.4x), Avg.   261 us, Total. 521.9 us (0.0%)
[Performance] InitializeOnLoad UxmlObjectEditorFactories                                                                     :        2 samples, Peak.   668 us (1.2x), Avg.   561 us, Total. 1.121 ms (0.0%)
[Performance] InitializeOnLoad UXMLEditorFactories                                                                           :        2 samples, Peak.   138 ms (1.0x), Avg.   137 ms, Total. 274.6 ms (1.7%)
[Performance] InitializeOnLoad PurchasingService                                                                             :        2 samples, Peak.  22.7 ms (1.3x), Avg.  17.9 ms, Total. 35.81 ms (0.2%)
[Performance] InitializeOnLoad CloudBuildPoller                                                                              :        2 samples, Peak.   225 us (1.2x), Avg.   183 us, Total. 366.8 us (0.0%)
[Performance] InitializeOnLoad EditorGameServicesAnalytics                                                                   :        2 samples, Peak.  6.02 ms (1.2x), Avg.  5.03 ms, Total. 10.05 ms (0.1%)
[Performance] InitializeOnLoad AnalyticsService                                                                              :        2 samples, Peak.   363 us (1.0x), Avg.   351 us, Total. 702.7 us (0.0%)
[Performance] InitializeOnLoad BuildService                                                                                  :        2 samples, Peak.   230 us (1.1x), Avg.   211 us, Total. 421.9 us (0.0%)
[Performance] InitializeOnLoad AdsService                                                                                    :        2 samples, Peak.   634 us (1.0x), Avg.   611 us, Total. 1.222 ms (0.0%)
[Performance] InitializeOnLoad UDPService                                                                                    :        2 samples, Peak.   226 us (1.0x), Avg.   224 us, Total. 448.3 us (0.0%)
[Performance] InitializeOnLoad CrashService                                                                                  :        2 samples, Peak.   221 us (1.0x), Avg.   218 us, Total. 436.2 us (0.0%)
[Performance] InitializeOnLoad ServicesRepository                                                                            :        2 samples, Peak.  1.20 us (1.4x), Avg.   850 ns, Total. 1.700 us (0.0%)
[Performance] InitializeOnLoad SearchWindow                                                                                  :        2 samples, Peak.   263 us (1.0x), Avg.   254 us, Total. 508.5 us (0.0%)
[Performance] InitializeOnLoad CustomIndexers                                                                                :        2 samples, Peak.  46.0 ms (1.0x), Avg.  43.8 ms, Total. 87.55 ms (0.6%)
[Performance] InitializeOnLoad SearchMonitor                                                                                 :        2 samples, Peak.  2.75 ms (1.1x), Avg.  2.59 ms, Total. 5.178 ms (0.0%)
[Performance] InitializeOnLoad ParameterControllerEditor                                                                     :        2 samples, Peak.  42.2 us (1.0x), Avg.  40.3 us, Total. 80.50 us (0.0%)
[Performance] InitializeOnLoad LayerSettingsWindow                                                                           :        2 samples, Peak.  71.9 us (1.8x), Avg.  39.3 us, Total. 78.70 us (0.0%)
[Performance] InitializeOnLoad PackageManagerHookGUIDConverter.RegisterPackagesEventHandler                                  :        2 samples, Peak.  5.88 ms (1.6x), Avg.  3.73 ms, Total. 7.451 ms (0.0%)
[Performance] InitializeOnLoad EditorDragAndDrop.RegisterEditorClient                                                        :        2 samples, Peak.  1.25 ms (1.7x), Avg.   750 us, Total. 1.500 ms (0.0%)
[Performance] InitializeOnLoad EditorEventCallbacks.InitializeFontAssetResourceChangeCallBacks                               :        2 samples, Peak.  5.44 ms (1.4x), Avg.  3.85 ms, Total. 7.706 ms (0.0%)
[Performance] InitializeOnLoad SceneTemplateService.Init                                                                     :        2 samples, Peak.  3.42 ms (1.4x), Avg.  2.50 ms, Total. 5.003 ms (0.0%)
[Performance] InitializeOnLoad DiagnosticSwitchesConsoleMessage.Init                                                         :        2 samples, Peak.  10.4 ms (1.6x), Avg.  6.46 ms, Total. 12.91 ms (0.1%)
[Performance] InitializeOnLoad PackageManagerWindow.EditorInitializedInSafeMode                                              :        2 samples, Peak.  54.2 ms (2.0x), Avg.  27.2 ms, Total. 54.38 ms (0.3%)
[Performance] InitializeOnLoad ToolShortcutContext.Init                                                                      :        2 samples, Peak.   376 us (1.4x), Avg.   265 us, Total. 530.4 us (0.0%)
[Performance] InitializeOnLoad MemoryProfilerCompilationGuard.InjectCompileGuard                                             :        2 samples, Peak.   331 us (1.3x), Avg.   256 us, Total. 512.6 us (0.0%)
[Performance] InitializeOnLoad AssetPostprocessingInternal.RefreshCustomDependencies                                         :        2 samples, Peak.  5.83 ms (1.2x), Avg.  4.87 ms, Total. 9.739 ms (0.1%)
[Performance] InitializeOnLoad SysrootManager.Initialize                                                                     :        2 samples, Peak.  1.07 ms (1.3x), Avg.   852 us, Total. 1.704 ms (0.0%)
[Performance] InitializeOnLoad ScopedRegistryAddedPopup.SubscribeToRegistriesAdded                                           :        2 samples, Peak.  21.2 ms (2.0x), Avg.  10.7 ms, Total. 21.41 ms (0.1%)
[Performance] InitializeOnLoad SceneVisibilityManager.Initialize                                                             :        2 samples, Peak.  16.9 ms (1.8x), Avg.  9.55 ms, Total. 19.10 ms (0.1%)
[Performance] InitializeOnLoad EditorWindow.Initialize                                                                       :        2 samples, Peak.   715 us (1.2x), Avg.   616 us, Total. 1.232 ms (0.0%)
[Performance] AssemblyReloadEvents.afterAssemblyReload: UnityEditor.SceneTemplate.SceneTemplateService.AfterAssemblyReload   :        2 samples, Peak.  5.47 ms (1.8x), Avg.  3.00 ms, Total. 5.998 ms (0.0%)
[Performance] ProcessService.EditorAfterLoadAllAssemblies                                                                    :        2 samples, Peak.   471 us (1.1x), Avg.   439 us, Total. 878.3 us (0.0%)
[Performance] Application.ReadLicenseInfo                                                                                    :        1 samples, Peak.  13.8 ms (1.0x), Avg.  13.8 ms, Total. 13.81 ms (0.1%)
[Performance] Application.InitialRefresh                                                                                     :        1 samples, Peak.  5.77 s (1.0x), Avg.  5.77 s, Total. 5.775 s (36.8%)
[Performance] ShaderImporter.SourceAssetModified                                                                             :        2 samples, Peak.  2.40 us (1.1x), Avg.  2.10 us, Total. 4.200 us (0.0%)
[Performance] ShaderIncludeImporter.SourceAssetModified                                                                      :        2 samples, Peak.  1.50 us (1.1x), Avg.  1.40 us, Total. 2.800 us (0.0%)
[Performance] Compiling Scripts                                                                                              :        1 samples, Peak.  4.20 s (1.0x), Avg.  4.20 s, Total. 4.197 s (26.7%)
[Performance] AssemblyReloadEvents.beforeAssemblyReload: UnityEditor.SceneTemplate.SceneTemplateService.BeforeAssemblyReload :        1 samples, Peak.  1.32 ms (1.0x), Avg.  1.32 ms, Total. 1.319 ms (0.0%)
[Performance] DidReloadScriptsAdvancedDropdownWindow.OnScriptReload                                                          :        1 samples, Peak.   396 us (1.0x), Avg.   396 us, Total. 395.6 us (0.0%)
[Performance] PresetManagerPostProcessor.OnPreprocessAsset                                                                   :        1 samples, Peak.   713 us (1.0x), Avg.   713 us, Total. 712.6 us (0.0%)
[Performance] CancelSplashScreenOnAssetChange.OnPreprocessAsset                                                              :        1 samples, Peak.   201 us (1.0x), Avg.   201 us, Total. 201.0 us (0.0%)
[Performance] AssetDatabase.ImportAssets                                                                                     :        3 samples, Peak.  9.00 us (2.1x), Avg.  4.33 us, Total. 13.00 us (0.0%)
[Performance] VersionControl.Task.Wait                                                                                       :        1 samples, Peak.  54.0 us (1.0x), Avg.  54.0 us, Total. 54.00 us (0.0%)
[Performance] BuilderAssetPostprocessor.OnPostprocessAllAssets                                                               :        2 samples, Peak.  4.11 ms (1.0x), Avg.  4.03 ms, Total. 8.069 ms (0.1%)
[Performance] ArtifactBrowserPostProcessor.OnPostprocessAllAssets                                                            :        2 samples, Peak.   979 us (1.0x), Avg.   976 us, Total. 1.953 ms (0.0%)
[Performance] AssetEvents.OnPostprocessAllAssets                                                                             :        4 samples, Peak.   501 us (1.6x), Avg.   318 us, Total. 1.273 ms (0.0%)
[Performance] AudioMixerPostprocessor.OnPostprocessAllAssets                                                                 :        2 samples, Peak.   378 us (1.0x), Avg.   377 us, Total. 753.5 us (0.0%)
[Performance] StyleCatalogPostProcessor.OnPostprocessAllAssets                                                               :        2 samples, Peak.  35.9 ms (1.0x), Avg.  35.9 ms, Total. 71.85 ms (0.5%)
[Performance] BuildCatalog                                                                                                   :        1 samples, Peak.  33.6 ms (1.0x), Avg.  33.6 ms, Total. 33.63 ms (0.2%)
[Performance] ModelImporterPostProcessor.OnPostprocessAllAssets                                                              :        2 samples, Peak.  3.36 ms (1.0x), Avg.  3.36 ms, Total. 6.714 ms (0.0%)
[Performance] RetainedModeAssetPostprocessor.OnPostprocessAllAssets                                                          :        2 samples, Peak.  4.97 ms (1.0x), Avg.  4.97 ms, Total. 9.942 ms (0.1%)
[Performance] AssetChangedListener.OnPostprocessAllAssets                                                                    :        2 samples, Peak.  2.65 ms (1.0x), Avg.  2.65 ms, Total. 5.295 ms (0.0%)
[Performance] SpeedTreePostProcessor.OnPostprocessAllAssets                                                                  :        2 samples, Peak.   248 us (1.0x), Avg.   245 us, Total. 490.7 us (0.0%)
[Performance] TextAssetPostProcessor.OnPostprocessAllAssets                                                                  :        2 samples, Peak.   720 us (1.0x), Avg.   718 us, Total. 1.437 ms (0.0%)
[Performance] SyncVS.PostprocessSyncProject                                                                                  :        1 samples, Peak.  4.90 ms (1.0x), Avg.  4.90 ms, Total. 4.898 ms (0.0%)
[Performance] Application.ImportPackagesAndSetTemplateWhenCreatingProject                                                    :        1 samples, Peak.  24.2 ms (1.0x), Avg.  24.2 ms, Total. 24.25 ms (0.2%)
[Performance] Application.SyncCurrentColorSpace                                                                              :        1 samples, Peak.  34.1 ms (1.0x), Avg.  34.1 ms, Total. 34.12 ms (0.2%)
[Performance] Application.OnUsbDevicesChanged                                                                                :        1 samples, Peak.  4.08 ms (1.0x), Avg.  4.08 ms, Total. 4.077 ms (0.0%)
[Performance] Application.AssetInstanceCacheUpdate                                                                           :        1 samples, Peak.   300 ns (1.0x), Avg.   300 ns, Total. 300.0 ns (0.0%)
[Performance] Application.UnityExtensions.Initialize                                                                         :        1 samples, Peak.   812 us (1.0x), Avg.   812 us, Total. 812.1 us (0.0%)
[Performance] CodeEditorProjectSync.SyncEditorProject                                                                        :        1 samples, Peak.   104 us (1.0x), Avg.   104 us, Total. 104.0 us (0.0%)
[Performance] Application.ExecuteStartups                                                                                    :        1 samples, Peak.  97.6 ms (1.0x), Avg.  97.6 ms, Total. 97.56 ms (0.6%)
[Performance] Menu.RegisterMenuInterface                                                                                     :       26 samples, Peak.  1.60 us (6.3x), Avg.   254 ns, Total. 6.600 us (0.0%)
[Performance] Gizmo.RebuildRenderers                                                                                         :        2 samples, Peak.  97.0 ms (1.3x), Avg.  75.1 ms, Total. 150.1 ms (1.0%)
[Performance] Gizmo.AddGizmoRenderers                                                                                        :       38 samples, Peak.  3.44 ms (24.1x), Avg.   143 us, Total. 5.422 ms (0.0%)
[Performance] Application.editorInitializingProject                                                                          :        1 samples, Peak.   637 ms (1.0x), Avg.   637 ms, Total. 636.8 ms (4.1%)
[Performance] Application.InitializeMenu                                                                                     :        1 samples, Peak.   417 ms (1.0x), Avg.   417 ms, Total. 416.9 ms (2.7%)
[Performance] Menu.RebuildAll                                                                                                :        1 samples, Peak.   417 ms (1.0x), Avg.   417 ms, Total. 416.9 ms (2.7%)
[Performance] Menu.BuildRegisteredMenuInterfaces                                                                             :        1 samples, Peak.   196 ms (1.0x), Avg.   196 ms, Total. 195.6 ms (1.2%)
[Performance] Menu.FilterMenuItem                                                                                            :      449 samples, Peak.   103 ms (446.8x), Avg.   230 us, Total. 103.2 ms (0.7%)
[Performance] UpdateAllMenus                                                                                                 :        1 samples, Peak.  2.00 ms (1.0x), Avg.  2.00 ms, Total. 2.004 ms (0.0%)
[Performance] Menu.RebuildOSMainMenu                                                                                         :        3 samples, Peak.   218 ms (2.2x), Avg.  99.1 ms, Total. 297.3 ms (1.9%)
[Performance] EditorSceneManager.sceneClosing: UnityEditor.SceneVisibilityManager.EditorSceneManagerOnSceneClosing           :        1 samples, Peak.   505 us (1.0x), Avg.   505 us, Total. 505.0 us (0.0%)
[Performance] GUIView.RepaintAll.PlayerLoopController                                                                        :        1 samples, Peak.  4.40 us (1.0x), Avg.  4.40 us, Total. 4.400 us (0.0%)
[Performance] EditorSceneManager.newSceneCreated: UnityEditor.SceneTemplate.SceneTemplateService.OnNewSceneCreated           :        1 samples, Peak.   380 us (1.0x), Avg.   380 us, Total. 380.1 us (0.0%)
[Performance] EditorSceneManager.newSceneCreated: UnityEditor.SceneVisibilityManager.EditorSceneManagerOnNewSceneCreated     :        1 samples, Peak.   268 us (1.0x), Avg.   268 us, Total. 268.2 us (0.0%)
[Performance] EditorSceneManager.newSceneCreated: UnityEditor.SceneManagement.StageNavigationManager.OnNewSceneCreated       :        1 samples, Peak.   210 us (1.0x), Avg.   210 us, Total. 209.7 us (0.0%)
[Performance] Application.InvokeFinishedLoadingProject                                                                       :        1 samples, Peak.  1.33 ms (1.0x), Avg.  1.33 ms, Total. 1.327 ms (0.0%)
[Performance] ProcessService.OnProjectLoaded                                                                                 :        1 samples, Peak.   107 us (1.0x), Avg.   107 us, Total. 106.6 us (0.0%)
[Performance] BuildAssetBundles                                                                                              :        1 samples, Peak.  1.52 s (1.0x), Avg.  1.52 s, Total. 1.520 s (9.7%)
[Performance] BuilderAssetModificationProcessor.OnWillSaveAssets                                                             :        2 samples, Peak.   565 us (1.9x), Avg.   293 us, Total. 585.2 us (0.0%)
[Performance] TerrainModificationProcessor.OnWillSaveAssets                                                                  :        2 samples, Peak.  1.17 ms (2.0x), Avg.   585 us, Total. 1.171 ms (0.0%)
[Performance] GenerateAssemblyTypeInfos                                                                                      :        2 samples, Peak.  2.05 ms (1.8x), Avg.  1.16 ms, Total. 2.324 ms (0.0%)
[Performance] AssetDatabase.Refresh                                                                                          :        1 samples, Peak.  4.59 ms (1.0x), Avg.  4.59 ms, Total. 4.589 ms (0.0%)
[Performance] EditorApplication.quitting: callback in UnityEditor.TextCore.Text.EditorEventCallbacks                         :        1 samples, Peak.  13.6 ms (1.0x), Avg.  13.6 ms, Total. 13.62 ms (0.1%)
[Performance] Application.Shutdown.PauseProfilerSession                                                                      :        1 samples, Peak.   100 us (1.0x), Avg.   100 us, Total. 100.4 us (0.0%)
[Performance] Application.Shutdown.PauseAssetImportWorkers                                                                   :        1 samples, Peak.   144 us (1.0x), Avg.   144 us, Total. 143.9 us (0.0%)
[Performance] Application.Shutdown.SaveAssets                                                                                :        1 samples, Peak.   662 us (1.0x), Avg.   662 us, Total. 662.4 us (0.0%)
[Performance] Application.Shutdown.CleanupRenderPipeline                                                                     :        1 samples, Peak.  5.20 us (1.0x), Avg.  5.20 us, Total. 5.200 us (0.0%)
[Performance] Application.Shutdown.StopPreloadManager                                                                        :        1 samples, Peak.  9.71 ms (1.0x), Avg.  9.71 ms, Total. 9.714 ms (0.1%)
[Performance] Application.Shutdown.DestroyWorld                                                                              :        1 samples, Peak.  1.21 ms (1.0x), Avg.  1.21 ms, Total. 1.213 ms (0.0%)
[Performance] Application.Shutdown.CleanupAfterLoad                                                                          :        1 samples, Peak.  6.58 ms (1.0x), Avg.  6.58 ms, Total. 6.584 ms (0.0%)
[Performance] Application.Shutdown.Progress                                                                                  :        1 samples, Peak.  49.3 us (1.0x), Avg.  49.3 us, Total. 49.30 us (0.0%)
[Performance] Application.Shutdown.GICleanupManagers                                                                         :        1 samples, Peak.   985 us (1.0x), Avg.   985 us, Total. 984.7 us (0.0%)
[Performance] Application.Shutdown.MenuCleanupClass                                                                          :        1 samples, Peak.   157 us (1.0x), Avg.   157 us, Total. 156.6 us (0.0%)
[Performance] Application.Shutdown.ADBSaveStateBeforeShutdown                                                                :        1 samples, Peak.  13.0 us (1.0x), Avg.  13.0 us, Total. 13.00 us (0.0%)
[Performance] Application.Shutdown.RemoteShutdown                                                                            :        1 samples, Peak.  1.10 us (1.0x), Avg.  1.10 us, Total. 1.100 us (0.0%)
[Performance] Application.Shutdown.CleanupVCProvider                                                                         :        1 samples, Peak.  19.5 us (1.0x), Avg.  19.5 us, Total. 19.50 us (0.0%)
[Performance] Application.Shutdown.InputShutdown                                                                             :        1 samples, Peak.  3.10 us (1.0x), Avg.  3.10 us, Total. 3.100 us (0.0%)
[Performance] Application.Shutdown.GizmoManagerDestroy                                                                       :        1 samples, Peak.  1.37 ms (1.0x), Avg.  1.37 ms, Total. 1.368 ms (0.0%)
[Performance] Application.Shutdown.ProfilerSession                                                                           :        1 samples, Peak.   341 us (1.0x), Avg.   341 us, Total. 341.4 us (0.0%)
[Performance] Application.Shutdown.ReleaseGfxWindowOnAllGUIViews                                                             :        1 samples, Peak.   500 ns (1.0x), Avg.   500 ns, Total. 500.0 ns (0.0%)
[Performance] Application.Shutdown.CleanupEngine                                                                             :        1 samples, Peak.  82.9 ms (1.0x), Avg.  82.9 ms, Total. 82.90 ms (0.5%)
[Performance] Application.Shutdown.CleanupAssetDatabase                                                                      :        1 samples, Peak.  3.64 ms (1.0x), Avg.  3.64 ms, Total. 3.637 ms (0.0%)
[Performance] Application.Shutdown.ScriptCompilationCleanUp                                                                  :        1 samples, Peak.  78.7 ms (1.0x), Avg.  78.7 ms, Total. 78.68 ms (0.5%)
[Performance] Application.Shutdown.DestroyJobSystem                                                                          :        1 samples, Peak.   278 us (1.0x), Avg.   278 us, Total. 278.1 us (0.0%)
[Performance] Application.Shutdown.CleanupPersistentManager                                                                  :        1 samples, Peak.   894 us (1.0x), Avg.   894 us, Total. 893.6 us (0.0%)
[Performance] Application.Shutdown.CleanupAsyncReadManager                                                                   :        1 samples, Peak.  6.64 ms (1.0x), Avg.  6.64 ms, Total. 6.640 ms (0.0%)
[Performance] Application.Shutdown.CleanupProgressBar                                                                        :        1 samples, Peak.   600 ns (1.0x), Avg.   600 ns, Total. 600.0 ns (0.0%)
[Performance] Application.Shutdown.CleanupMono                                                                               :        1 samples, Peak.   101 ms (1.0x), Avg.   101 ms, Total. 101.1 ms (0.6%)
[Performance] Application.Shutdown.CleanupStdConverters                                                                      :        1 samples, Peak.  10.3 us (1.0x), Avg.  10.3 us, Total. 10.30 us (0.0%)
[Performance] Application.Shutdown.UnloadAllPlatformSupportModuleNativeDlls                                                  :        1 samples, Peak.   800 ns (1.0x), Avg.   800 ns, Total. 800.0 ns (0.0%)
[Performance] Application.Shutdown.UnloadAllPlatformSupportNativeLibraries                                                   :        1 samples, Peak. 100.0 ns (1.0x), Avg. 100.0 ns, Total. 100.00 ns (0.0%)
[Performance] Application.Shutdown.CleanupAutoDocumentation                                                                  :        1 samples, Peak.   414 us (1.0x), Avg.   414 us, Total. 413.6 us (0.0%)
[Performance] Application.Shutdown.ShaderNameManagerDestroy                                                                  :        1 samples, Peak.  54.5 us (1.0x), Avg.  54.5 us, Total. 54.50 us (0.0%)
[Performance] Application.Shutdown.CleanupCacheServer                                                                        :        1 samples, Peak. 100.0 ns (1.0x), Avg. 100.0 ns, Total. 100.00 ns (0.0%)
[Performance] Application.Shutdown.Virtualization_Shutdown                                                                   :        1 samples, Peak.  1000 ns (1.0x), Avg.  1000 ns, Total. 1000.0 ns (0.0%)
[Performance] Application.Shutdown.DevConnections                                                                            :        1 samples, Peak.   324 us (1.0x), Avg.   324 us, Total. 324.5 us (0.0%)
Exiting batchmode successfully now!
Exiting without the bug reporter. Application will terminate with return code 0